\BOOKMARK [0][-]{chapter*.1}{\376\377\000P\000h\000a\000n\000\040\000c\000o\000n\000g\000\040\000t\000h\000a\000n\000h\000\040\000v\000i\000e\000n}{}% 1
\BOOKMARK [0][-]{chapter*.2}{\376\377\000N\000h\000a\000n\000\040\000x\000e\000t\000\040\000c\000u\000a\000\040\000g\000i\000a\000n\000g\000\040\000v\000i\000e\000n}{}% 2
\BOOKMARK [0][-]{chapter*.3}{\376\377\000L\000o\000i\000\040\000m\000o\000\040\000d\000a\000u}{}% 3
\BOOKMARK [0][-]{chapter*.4}{\376\377\000L\000o\000i\000\040\000c\000a\000m\000\040\000o\000n}{}% 4
\BOOKMARK [0][-]{chapter.1}{\376\377\000T\000o\000n\000g\000\040\000q\000u\000a\000n\000\040\000v\000a\000n\000\040\000d\000e}{}% 5
\BOOKMARK [1][-]{section.1.1}{\376\377\000L\000y\000\040\000d\000o\000\040\000c\000h\000o\000n\000\040\000d\000e\000\040\000t\000a\000i}{chapter.1}% 6
\BOOKMARK [1][-]{section.1.2}{\376\377\000M\000u\000c\000\040\000t\000i\000e\000u\000\040\000n\000g\000h\000i\000e\000n\000\040\000c\000u\000u}{chapter.1}% 7
\BOOKMARK [1][-]{section.1.3}{\376\377\000C\000a\000u\000\040\000h\000o\000i\000\040\000n\000g\000h\000i\000e\000n\000\040\000c\000u\000u}{chapter.1}% 8
\BOOKMARK [1][-]{section.1.4}{\376\377\000D\000o\000i\000\040\000t\000u\000o\000n\000g\000\040\000v\000a\000\040\000p\000h\000a\000m\000\040\000v\000i}{chapter.1}% 9
\BOOKMARK [1][-]{section.1.5}{\376\377\000P\000h\000u\000o\000n\000g\000\040\000p\000h\000a\000p\000\040\000t\000o\000n\000g\000\040\000q\000u\000a\000t}{chapter.1}% 10
\BOOKMARK [1][-]{section.1.6}{\376\377\000K\000e\000t\000\040\000c\000a\000u\000\040\000b\000a\000o\000\040\000c\000a\000o}{chapter.1}% 11
\BOOKMARK [0][-]{chapter.2}{\376\377\000C\000o\000\040\000s\000o\000\040\000l\000y\000\040\000t\000h\000u\000y\000e\000t\000\040\000v\000a\000\040\000n\000g\000h\000i\000e\000n\000\040\000c\000u\000u\000\040\000l\000i\000e\000n\000\040\000q\000u\000a\000n}{}% 12
\BOOKMARK [1][-]{section.2.1}{\376\377\000T\000o\000n\000g\000\040\000q\000u\000a\000n\000\040\000p\000h\000a\000n\000\040\000t\000i\000c\000h\000\040\000d\000u\000\040\000l\000i\000e\000u\000\040\000t\000r\000o\000n\000g\000\040\000b\000a\000i\000\040\000t\000o\000a\000n\000\040\000p\000h\000a\000n\000\040\000l\000o\000p}{chapter.2}% 13
\BOOKMARK [1][-]{section.2.2}{\376\377\000P\000h\000a\000n\000\040\000t\000i\000c\000h\000\040\000k\000h\000a\000m\000\040\000p\000h\000a\000\040\000d\000u\000\040\000l\000i\000e\000u\000\040\000\050\000E\000D\000A\000\051}{chapter.2}% 14
\BOOKMARK [1][-]{section.2.3}{\376\377\000X\000u\000\040\000l\000y\000\040\000m\000i\000s\000s\000i\000n\000g\000\040\000d\000a\000t\000a}{chapter.2}% 15
\BOOKMARK [1][-]{section.2.4}{\376\377\000C\000h\000u\000a\000n\000\040\000h\000o\000a\000\040\000d\000u\000\040\000l\000i\000e\000u}{chapter.2}% 16
\BOOKMARK [1][-]{section.2.5}{\376\377\000C\000h\000i\000\040\000s\000o\000\040\000d\000a\000n\000h\000\040\000g\000i\000a\000\040\000m\000o\000\040\000h\000i\000n\000h}{chapter.2}% 17
\BOOKMARK [1][-]{section.2.6}{\376\377\000M\000o\000\040\000h\000i\000n\000h\000\040\000b\000a\000s\000e\000l\000i\000n\000e}{chapter.2}% 18
\BOOKMARK [0][-]{chapter.3}{\376\377\000D\000u\000\040\000l\000i\000e\000u\000\040\000v\000a\000\040\000p\000h\000u\000o\000n\000g\000\040\000p\000h\000a\000p\000\040\000d\000e\000\040\000x\000u\000a\000t}{}% 19
\BOOKMARK [1][-]{section.3.1}{\376\377\000N\000g\000u\000o\000n\000\040\000d\000u\000\040\000l\000i\000e\000u}{chapter.3}% 20
\BOOKMARK [1][-]{section.3.2}{\376\377\000M\000o\000\040\000t\000a\000\040\000t\000h\000u\000o\000c\000\040\000t\000i\000n\000h}{chapter.3}% 21
\BOOKMARK [1][-]{section.3.3}{\376\377\000K\000i\000e\000m\000\040\000t\000r\000a\000\040\000c\000h\000a\000t\000\040\000l\000u\000o\000n\000g\000\040\000d\000u\000\040\000l\000i\000e\000u}{chapter.3}% 22
\BOOKMARK [1][-]{section.3.4}{\376\377\000Q\000u\000y\000\040\000t\000r\000i\000n\000h\000\040\000t\000i\000e\000n\000\040\000x\000u\000\040\000l\000y\000\040\000d\000e\000\040\000x\000u\000a\000t}{chapter.3}% 23
\BOOKMARK [0][-]{chapter.4}{\376\377\000T\000h\000u\000c\000\040\000n\000g\000h\000i\000e\000m\000\040\000v\000a\000\040\000k\000e\000t\000\040\000q\000u\000a\000\040\000d\000a\000t\000\040\000d\000u\000o\000c}{}% 24
\BOOKMARK [1][-]{section.4.1}{\376\377\000T\000h\000i\000e\000t\000\040\000l\000a\000p\000\040\000t\000h\000u\000c\000\040\000n\000g\000h\000i\000e\000m}{chapter.4}% 25
\BOOKMARK [2][-]{subsection.4.1.1}{\376\377\000C\000h\000i\000e\000n\000\040\000l\000u\000o\000c\000\040\000c\000h\000i\000a\000\040\000d\000u\000\040\000l\000i\000e\000u}{section.4.1}% 26
\BOOKMARK [2][-]{subsection.4.1.2}{\376\377\000T\000o\000\040\000h\000o\000p\000\040\000c\000a\000u\000\040\000h\000i\000n\000h\000\040\000d\000u\000o\000c\000\040\000s\000o\000\040\000s\000a\000n\000h}{section.4.1}% 27
\BOOKMARK [1][-]{section.4.2}{\376\377\000K\000e\000t\000\040\000q\000u\000a\000\040\000E\000D\000A\000\040\000c\000h\000i\000n\000h}{chapter.4}% 28
\BOOKMARK [2][-]{subsection.4.2.1}{\376\377\000T\000o\000n\000g\000\040\000q\000u\000a\000n\000\040\000b\000o\000\040\000d\000u\000\040\000l\000i\000e\000u}{section.4.2}% 29
\BOOKMARK [2][-]{subsection.4.2.2}{\376\377\000N\000h\000a\000n\000\040\000x\000e\000t\000\040\000v\000e\000\040\000q\000u\000a\000l\000i\000t\000y\000\040\000d\000a\000t\000a}{section.4.2}% 30
\BOOKMARK [1][-]{section.4.3}{\376\377\000S\000o\000\040\000s\000a\000n\000h\000\040\000m\000o\000\040\000h\000i\000n\000h\000\040\000v\000a\000\040\000c\000h\000i\000e\000n\000\040\000l\000u\000o\000c\000\040\000t\000i\000e\000n\000\040\000x\000u\000\040\000l\000y}{chapter.4}% 31
\BOOKMARK [2][-]{subsection.4.3.1}{\376\377\000X\000e\000p\000\040\000h\000a\000n\000g\000\040\000t\000h\000e\000o\000\040\000R\000O\000C\000-\000A\000U\000C}{section.4.3}% 32
\BOOKMARK [2][-]{subsection.4.3.2}{\376\377\000C\000a\000u\000\040\000h\000i\000n\000h\000\040\000d\000e\000\040\000x\000u\000a\000t}{section.4.3}% 33
\BOOKMARK [1][-]{section.4.4}{\376\377\000P\000h\000a\000n\000\040\000t\000i\000c\000h\000\040\000s\000a\000i\000\040\000s\000o\000\040\000v\000a\000\040\000t\000r\000a\000d\000e\000-\000o\000f\000f}{chapter.4}% 34
\BOOKMARK [2][-]{subsection.4.4.1}{\376\377\000C\000o\000n\000f\000u\000s\000i\000o\000n\000\040\000m\000a\000t\000r\000i\000x\000\040\000v\000a\000\040\000R\000O\000C}{section.4.4}% 35
\BOOKMARK [2][-]{subsection.4.4.2}{\376\377\000T\000r\000a\000d\000e\000-\000o\000f\000f\000\040\000t\000h\000e\000o\000\040\000t\000h\000r\000e\000s\000h\000o\000l\000d}{section.4.4}% 36
\BOOKMARK [2][-]{subsection.4.4.3}{\376\377\000N\000h\000a\000n\000\040\000d\000i\000n\000h\000\040\000o\000v\000e\000r\000f\000i\000t\000t\000i\000n\000g\000/\000u\000n\000d\000e\000r\000f\000i\000t\000t\000i\000n\000g}{section.4.4}% 37
\BOOKMARK [0][-]{chapter.5}{\376\377\000K\000e\000t\000\040\000l\000u\000a\000n\000\040\000v\000a\000\040\000k\000h\000u\000y\000e\000n\000\040\000n\000g\000h\000i}{}% 38
\BOOKMARK [1][-]{section.5.1}{\376\377\000K\000e\000t\000\040\000l\000u\000a\000n\000\040\000c\000h\000u\000n\000g}{chapter.5}% 39
\BOOKMARK [1][-]{section.5.2}{\376\377\000T\000o\000m\000\040\000t\000a\000t\000\040\000k\000e\000t\000\040\000q\000u\000a\000\040\000d\000a\000t\000\040\000d\000u\000o\000c}{chapter.5}% 40
\BOOKMARK [1][-]{section.5.3}{\376\377\000D\000o\000n\000g\000\040\000g\000o\000p\000\040\000c\000u\000a\000\040\000d\000e\000\040\000t\000a\000i}{chapter.5}% 41
\BOOKMARK [1][-]{section.5.4}{\376\377\000H\000a\000n\000\040\000c\000h\000e\000\040\000n\000g\000h\000i\000e\000n\000\040\000c\000u\000u}{chapter.5}% 42
\BOOKMARK [1][-]{section.5.5}{\376\377\000H\000u\000o\000n\000g\000\040\000p\000h\000a\000t\000\040\000t\000r\000i\000e\000n\000\040\000v\000a\000\040\000k\000i\000e\000n\000\040\000n\000g\000h\000i}{chapter.5}% 43
